000.000 =============================================================
000.000                     Station A                               
000.000 -------------------------------------------------------------
000.000 Protocol.lib, version 4.0, jiangyanjun0718@bupt.edu.cn
000.000 Channel: 8000 bps, 270 ms propagation delay, bit error rate 1.0E-05
000.000 Log file "gobackn-A.log", TCP port 59144, debug mask 0x00
000.000 Station A is waiting for station B on TCP port 59144 ... Done.
000.051 New epoch: Fri Apr  9 14:28:47 2021
000.051 =================================================================
000.051 
000.051 Designed by Cui Siying, build: Apr 24 2020  10:08:01
004.846 .... 3 packets received, 1729 bps, 21.61%, Err 1 (3.3e-05)
007.050 .... 11 packets received, 3912 bps, 48.91%, Err 1 (2.1e-05)
009.305 .... 19 packets received, 4856 bps, 60.70%, Err 1 (1.5e-05)
011.487 .... 27 packets received, 5424 bps, 67.80%, Err 1 (1.2e-05)
013.667 .... 35 packets received, 5792 bps, 72.40%, Err 1 (9.9e-06)
015.677 .... 39 packets received, 5552 bps, 69.41%, Err 1 (8.5e-06)
018.909 .... 44 packets received, 5115 bps, 63.94%, Err 1 (7.0e-06)
021.100 .... 52 packets received, 5376 bps, 67.21%, Err 1 (6.2e-06)
023.429 TCP Disconnected.
